build/android-build/android-build-unity5.3.5v1.0.4/brilliantBees/proguard-rules.txt
-keepattributes SourceFile,LineNumberTable
-keepattributes JavascriptInterface
-keep class com.unity3d.ads.android.**
-dontwarn com.google.android.gms.**
-keep class com.google.android.gms.*
-dontwarn com.unity3d.player.**
-keep class com.unity3d.player.*
{ *; }