build/android-build/android-build-unity5.3.5v1.0.4/brilliantBees/build/outputs/mapping/release/seeds.txt
com.vgsz.brilliantbees.R$drawable: int app_icon
com.vgsz.brilliantbees.R$drawable: int unityads_background_button_pause
com.vgsz.brilliantbees.R$drawable: int unityads_icon_play
com.vgsz.brilliantbees.R$drawable: int unityads_icon_speaker_base
com.vgsz.brilliantbees.R$drawable: int unityads_icon_speaker_triangle
com.vgsz.brilliantbees.R$drawable: int unityads_icon_speaker_waves
com.vgsz.brilliantbees.R$id: int unityAdsAudioToggleView
com.vgsz.brilliantbees.R$id: int unityAdsMuteButtonSpeakerWaves
com.vgsz.brilliantbees.R$id: int unityAdsMuteButtonSpeakerX
com.vgsz.brilliantbees.R$id: int unityAdsPauseButton
com.vgsz.brilliantbees.R$id: int unityAdsVideoBufferingText
com.vgsz.brilliantbees.R$id: int unityAdsVideoCountDown
com.vgsz.brilliantbees.R$id: int unityAdsVideoSkipText
com.vgsz.brilliantbees.R$id: int unityAdsVideoTimeLeftPrefix
com.vgsz.brilliantbees.R$id: int unityAdsVideoTimeLeftSuffix
com.vgsz.brilliantbees.R$id: int unityAdsVideoTimeLeftText
com.vgsz.brilliantbees.R$id: int unityAdsVideoView
com.vgsz.brilliantbees.R$integer: int google_play_services_version
com.vgsz.brilliantbees.R$layout: int unityads_button_audio_toggle
com.vgsz.brilliantbees.R$layout: int unityads_button_pause
com.vgsz.brilliantbees.R$layout: int unityads_view_video_paused
com.vgsz.brilliantbees.R$layout: int unityads_view_video_play
com.vgsz.brilliantbees.R$string: int app_name
com.vgsz.brilliantbees.R$string: int unityads_buffering_text
com.vgsz.brilliantbees.R$string: int unityads_default_video_length_text
com.vgsz.brilliantbees.R$string: int unityads_lib_name
com.vgsz.brilliantbees.R$string: int unityads_mute_character
com.vgsz.brilliantbees.R$string: int unityads_skip_video_prefix
com.vgsz.brilliantbees.R$string: int unityads_skip_video_suffix
com.vgsz.brilliantbees.R$string: int unityads_skip_video_text
com.vgsz.brilliantbees.R$string: int unityads_tap_to_continue
com.vgsz.brilliantbees.R$string: int unityads_video_end_prefix
com.vgsz.brilliantbees.R$string: int unityads_video_end_suffix
com.vgsz.brilliantbees.R$style: int UnityThemeSelector
com.vgsz.brilliantbees.UnityPlayerActivity
com.vgsz.brilliantbees.UnityPlayerActivity: UnityPlayerActivity()
...
com.google.android.gms.common.internal.ResolveAccountResponse: android.os.Parcelable$Creator CREATOR
com.google.android.gms.common.internal.SignInButtonConfig: android.os.Parcelable$Creator CREATOR
com.google.android.gms.common.internal.ValidateAccountRequest: android.os.Parcelable$Creator CREATOR
com.google.android.gms.common.server.FavaDiagnosticsEntity: com.google.android.gms.common.server.zza CREATOR
com.google.android.gms.common.server.converter.ConverterWrapper: com.google.android.gms.common.server.converter.zza CREATOR
com.google.android.gms.common.server.converter.StringToIntConverter: com.google.android.gms.common.server.converter.zzb CREATOR
com.google.android.gms.common.server.converter.StringToIntConverter$Entry: com.google.android.gms.common.server.converter.zzc CREATOR
com.google.android.gms.common.server.response.FastJsonResponse$Field: com.google.android.gms.common.server.response.zza CREATOR
com.google.android.gms.common.server.response.FieldMappingDictionary: com.google.android.gms.common.server.response.zzc CREATOR
com.google.android.gms.common.server.response.FieldMappingDictionary$Entry: com.google.android.gms.common.server.response.zzd CREATOR
com.google.android.gms.common.server.response.FieldMappingDictionary$FieldMapPair: com.google.android.gms.common.server.response.zzb CREATOR
com.google.android.gms.common.server.response.SafeParcelResponse: com.google.android.gms.common.server.response.zze CREATOR
com.google.android.gms.common.stats.ConnectionEvent: android.os.Parcelable$Creator CREATOR
com.google.android.gms.common.stats.WakeLockEvent: android.os.Parcelable$Creator CREATOR
com.google.android.gms.drive.ChangeSequenceNumber: android.os.Parcelable$Creator CREATOR
com.google.android.gms.drive.Contents: android.os.Parcelable$Creator CREATOR
com.google.android.gms.drive.DriveFileRange: android.os.Parcelable$Creator CREATOR
com.google.android.gms.drive.DriveId: android.os.Parcelable$Creator CREATOR
com.google.android.gms.drive.DriveSpace: android.os.Parcelable$Creator CREATOR
com.google.android.gms.drive.Permission: android.os.Parcelable$Creator CREATOR
com.google.android.gms.drive.RealtimeDocumentSyncRequest: android.os.Parcelable$Creator CREATOR
com.google.android.gms.drive.UserMetadata: android.os.Parcelable$Creator CREATOR
com.google.android.gms.drive.events.ChangeEvent: android.os.Parcelable$Creator CREATOR
com.google.android.gms.drive.events.ChangesAvailableEvent: android.os.Parcelable$Creator CREATOR
com.google.android.gms.drive.events.ChangesAvailableOptions: android.os.Parcelable$Creator CREATOR
com.google.android.gms.drive.events.CompletionEvent: android.os.Parcelable$Creator CREATOR
com.google.android.gms.drive.events.QueryResultEventParcelable: com.google.android.gms.drive.events.zzl CREATOR
com.google.android.gms.drive.events.TransferProgressEvent: android.os.Parcelable$Creator CREATOR
com.google.android.gms.drive.events.TransferProgressOptions: android.os.Parcelable$Creator CREATOR
com.google.android.gms.drive.events.TransferStateEvent: android.os.Parcelable$Creator CREATOR
com.google.android.gms.drive.events.TransferStateOptions: android.os.Parcelable$Creator CREATOR
com.google.android.gms.drive.events.internal.TransferProgressData: android.os.Parcelable$Creator CREATOR
com.google.android.gms.drive.internal.AddEventListenerRequest: android.os.Parcelable$Creator CREATOR
com.google.android.gms.drive.internal.AddPermissionRequest: android.os.Parcelable$Creator CREATOR
com.google.android.gms.drive.internal.AuthorizeAccessRequest: android.os.Parcelable$Creator CREATOR
com.google.android.gms.drive.internal.CancelPendingActionsRequest: android.os.Parcelable$Creator CREATOR
com.google.android.gms.drive.internal.ChangeResourceParentsRequest: android.os.Parcelable$Creator CREATOR
com.google.android.gms.drive.internal.CheckResourceIdsExistRequest: android.os.Parcelable$Creator CREATOR
com.google.android.gms.drive.internal.CloseContentsAndUpdateMetadataRequest: android.os.Parcelable$Creator CREATOR