build/android-build/android-build-unity5.3.5v1.0.4/brilliantBees/build/outputs/mapping/release/mapping.txt
com.vgsz.brilliantbees.UnityPlayerActivity -> com.vgsz.brilliantbees.UnityPlayerActivity:
    com.unity3d.player.UnityPlayer mUnityPlayer -> a
    14:14:void <init>() -> <init>
    21:29:void onCreate(android.os.Bundle) -> onCreate
    34:36:void onDestroy() -> onDestroy
    41:43:void onPause() -> onPause
    48:50:void onResume() -> onResume
    55:57:void onConfigurationChanged(android.content.res.Configuration) -> onConfigurationChanged
    62:64:void onWindowFocusChanged(boolean) -> onWindowFocusChanged
    70:72:boolean dispatchKeyEvent(android.view.KeyEvent) -> dispatchKeyEvent
    76:76:boolean onKeyUp(int,android.view.KeyEvent) -> onKeyUp
    77:77:boolean onKeyDown(int,android.view.KeyEvent) -> onKeyDown
    78:78:boolean onTouchEvent(android.view.MotionEvent) -> onTouchEvent
    79:79:boolean onGenericMotionEvent(android.view.MotionEvent) -> onGenericMotionEvent
...
com.google.android.gms.internal.zzfq$1 -> com.google.android.gms.c.dt:
com.google.android.gms.internal.zzfq$zza -> com.google.android.gms.c.du:
    boolean zzDu -> a
    boolean zzDv -> b
    boolean zzDw -> c
    boolean zzDx -> d
    boolean zzDy -> e
    void <init>() -> <init>
    com.google.android.gms.internal.zzfq$zza zzq(boolean) -> a
    com.google.android.gms.internal.zzfq$zza zzr(boolean) -> b
    com.google.android.gms.internal.zzfq$zza zzs(boolean) -> c
    com.google.android.gms.internal.zzfq$zza zzt(boolean) -> d
    com.google.android.gms.internal.zzfq$zza zzu(boolean) -> e
    com.google.android.gms.internal.zzfq zzeP() -> a
    boolean zza(com.google.android.gms.internal.zzfq$zza) -> a
    boolean zzb(com.google.android.gms.internal.zzfq$zza) -> b
    boolean zzc(com.google.android.gms.internal.zzfq$zza) -> c
    boolean zzd(com.google.android.gms.internal.zzfq$zza) -> d
    boolean zze(com.google.android.gms.internal.zzfq$zza) -> e
com.google.android.gms.internal.zzfr -> com.google.android.gms.c.dv:
    com.google.android.gms.internal.zzjp zzpD -> h
    android.content.Context mContext -> i
    android.view.WindowManager zzsb -> j
    com.google.android.gms.internal.zzbl zzDz -> k
    android.util.DisplayMetrics zzDA -> a
    float zzDB -> l
    int zzDC -> b
    int zzDD -> c
    int zzDE -> m
    int zzDF -> d
    int zzDG -> e
    int zzDH -> f
    int zzDI -> g
    void <init>(com.google.android.gms.internal.zzjp,android.content.Context,com.google.android.gms.internal.zzbl) -> <init>
    void zzeQ() -> g
    void zzeR() -> a
    void zzeS() -> b
    void zzeT() -> c
    void zzeU() -> d
    void zzeV() -> h
    void zzf(int,int) -> a
    void zzeW() -> e
    void zzeX() -> f
    com.google.android.gms.internal.zzfq zzeY() -> i
    void zza(com.google.android.gms.internal.zzjp,java.util.Map) -> a
com.google.android.gms.internal.zzfs -> com.google.android.gms.c.dw:
    com.google.android.gms.internal.zzjp zzpD -> a
    java.lang.String zzDJ -> b
    void <init>(com.google.android.gms.internal.zzjp) -> <init>
    void <init>(com.google.android.gms.internal.zzjp,java.lang.String) -> <init>
    void zzam(java.lang.String) -> b
    void zzan(java.lang.String) -> c
    void zzb(int,int,int,int) -> a
    void zzc(int,int,int,int) -> b
    void zzao(java.lang.String) -> d
    void zza(int,int,int,int,float,int) -> a
com.google.android.gms.internal.zzft -> com.google.android.gms.c.dx:
    void zza(int,int,int,int) -> a
    void zzbf() -> a
com.google.android.gms.internal.zzfu -> com.google.android.gms.c.dy:
    com.google.android.gms.internal.zzfu zzFp -> a
    com.google.android.gms.internal.zzfv createAdOverlay(android.app.Activity) -> a
    boolean zzb(android.app.Activity) -> b
    void <init>() -> <init>
    com.google.android.gms.internal.zzfv zzc(android.app.Activity) -> c
    com.google.android.gms.internal.zzfw zzK(android.os.IBinder) -> a
    java.lang.Object zzd(android.os.IBinder) -> b
    void <clinit>() -> <clinit>
com.google.android.gms.internal.zzfu$zza -> com.google.android.gms.c.dz:
    void <init>(java.lang.String) -> <init>
com.google.android.gms.internal.zzfv -> com.google.android.gms.c.ea:
    void onCreate(android.os.Bundle) -> a
    void onRestart() -> f
    void onStart() -> g
    void onResume() -> h
    void onPause() -> i
    void onSaveInstanceState(android.os.Bundle) -> b
    void onStop() -> j
    void onDestroy() -> k
    void zzaD() -> l
    void onBackPressed() -> d
    boolean zzfn() -> e
com.google.android.gms.internal.zzfv$zza -> com.google.android.gms.c.eb:
    void <init>() -> <init>
    com.google.android.gms.internal.zzfv zzL(android.os.IBinder) -> a
    android.os.IBinder asBinder() -> asBinder
    boolean onTransact(int,android.os.Parcel,android.os.Parcel,int) -> onTransact