build/android-build/android-build-unity5.3.5v1.0.4/brilliantBees/build/outputs/mapping/release/usage.txt
com.vgsz.brilliantbees.BuildConfig
com.vgsz.brilliantbees.R
com.vgsz.brilliantbees.R$attr
com.vgsz.brilliantbees.R$drawable
com.vgsz.brilliantbees.R$id
com.vgsz.brilliantbees.R$integer
com.vgsz.brilliantbees.R$layout
com.vgsz.brilliantbees.R$string
com.vgsz.brilliantbees.R$style
com.vgsz.brilliantbees.UnityPlayerNativeActivity
com.vgsz.brilliantbees.UnityPlayerProxyActivity
...
com.google.android.gms.maps.model.internal.zzb$zza$zza
com.google.android.gms.maps.model.internal.zzc
com.google.android.gms.maps.model.internal.zzc$zza
com.google.android.gms.maps.model.internal.zzc$zza$zza
com.google.android.gms.maps.model.internal.zzd
com.google.android.gms.maps.model.internal.zzd$zza
com.google.android.gms.maps.model.internal.zzd$zza$zza
com.google.android.gms.maps.model.internal.zze
com.google.android.gms.maps.model.internal.zze$zza
com.google.android.gms.maps.model.internal.zze$zza$zza
com.google.android.gms.maps.model.internal.zzf
com.google.android.gms.maps.model.internal.zzf$zza
com.google.android.gms.maps.model.internal.zzf$zza$zza
com.google.android.gms.maps.model.internal.zzg
com.google.android.gms.maps.model.internal.zzg$zza
com.google.android.gms.maps.model.internal.zzg$zza$zza
com.google.android.gms.maps.model.internal.zzh
com.google.android.gms.maps.model.internal.zzh$zza
com.google.android.gms.maps.model.internal.zzh$zza$zza
com.google.android.gms.maps.model.internal.zzi
com.google.android.gms.maps.model.internal.zzi$zza
com.google.android.gms.maps.model.internal.zzi$zza$zza
com.google.android.gms.maps.model.zza
com.google.android.gms.maps.model.zzb
com.google.android.gms.maps.model.zzc
com.google.android.gms.maps.model.zzd
com.google.android.gms.maps.model.zze
com.google.android.gms.maps.model.zzf
com.google.android.gms.maps.model.zzg
com.google.android.gms.maps.model.zzh
com.google.android.gms.maps.model.zzi
com.google.android.gms.maps.model.zzj
com.google.android.gms.maps.model.zzk
com.google.android.gms.maps.model.zzl
com.google.android.gms.maps.model.zzm
com.google.android.gms.maps.model.zzn
com.google.android.gms.maps.model.zzo
com.google.android.gms.maps.model.zzp
com.google.android.gms.maps.zza
com.google.android.gms.maps.zzb
com.google.android.gms.measurement.AppMeasurement
com.google.android.gms.measurement.AppMeasurement$zza
com.google.android.gms.measurement.AppMeasurementContentProvider
com.google.android.gms.measurement.AppMeasurementReceiver
com.google.android.gms.measurement.AppMeasurementService
com.google.android.gms.measurement.AppMeasurementService$1
com.google.android.gms.measurement.AppMeasurementService$1$1
com.google.android.gms.measurement.internal.AppMetadata
com.google.android.gms.measurement.internal.EventParams
com.google.android.gms.measurement.internal.EventParams$1
com.google.android.gms.measurement.internal.EventParcel
com.google.android.gms.measurement.internal.UserAttributeParcel
com.google.android.gms.measurement.internal.zza
com.google.android.gms.measurement.internal.zzaa
com.google.android.gms.measurement.internal.zzab
com.google.android.gms.measurement.internal.zzab$1
com.google.android.gms.measurement.internal.zzab$2
com.google.android.gms.measurement.internal.zzab$3
com.google.android.gms.measurement.internal.zzab$zza
com.google.android.gms.measurement.internal.zzac
com.google.android.gms.measurement.internal.zzac$1
com.google.android.gms.measurement.internal.zzac$2
com.google.android.gms.measurement.internal.zzac$3
com.google.android.gms.measurement.internal.zzac$4
com.google.android.gms.measurement.internal.zzac$5
com.google.android.gms.measurement.internal.zzac$6
com.google.android.gms.measurement.internal.zzac$zza
com.google.android.gms.measurement.internal.zzac$zza$1
com.google.android.gms.measurement.internal.zzac$zza$2
com.google.android.gms.measurement.internal.zzac$zza$3
com.google.android.gms.measurement.internal.zzac$zza$4
com.google.android.gms.measurement.internal.zzad
com.google.android.gms.measurement.internal.zzad$1
com.google.android.gms.measurement.internal.zzad$1$1
com.google.android.gms.measurement.internal.zzad$2
com.google.android.gms.measurement.internal.zzad$3
com.google.android.gms.measurement.internal.zzad$4
com.google.android.gms.measurement.internal.zzad$5
com.google.android.gms.measurement.internal.zzae
com.google.android.gms.measurement.internal.zzaf
com.google.android.gms.measurement.internal.zzag